mode: set
github.com/aronreisx/bubblebank/util/random.go:14.13,16.2 1 0
github.com/aronreisx/bubblebank/util/random.go:19.38,21.2 1 0
github.com/aronreisx/bubblebank/util/random.go:24.33,28.25 3 0
github.com/aronreisx/bubblebank/util/random.go:28.25,31.3 2 0
github.com/aronreisx/bubblebank/util/random.go:33.2,33.20 1 0
github.com/aronreisx/bubblebank/util/random.go:37.27,39.2 1 0
github.com/aronreisx/bubblebank/util/random.go:42.26,44.2 1 0
github.com/aronreisx/bubblebank/util/random.go:47.30,51.2 3 0
github.com/aronreisx/bubblebank/util/random.go:54.27,56.2 1 0
github.com/aronreisx/bubblebank/db/sqlc/account.sql.go:24.96,35.2 4 1
github.com/aronreisx/bubblebank/db/sqlc/account.sql.go:42.70,45.2 2 1
github.com/aronreisx/bubblebank/db/sqlc/account.sql.go:54.78,65.2 4 1
github.com/aronreisx/bubblebank/db/sqlc/account.sql.go:79.96,81.16 2 1
github.com/aronreisx/bubblebank/db/sqlc/account.sql.go:81.16,83.3 1 0
github.com/aronreisx/bubblebank/db/sqlc/account.sql.go:84.2,86.18 3 1
github.com/aronreisx/bubblebank/db/sqlc/account.sql.go:86.18,94.17 2 1
github.com/aronreisx/bubblebank/db/sqlc/account.sql.go:94.17,96.4 1 0
github.com/aronreisx/bubblebank/db/sqlc/account.sql.go:97.3,97.27 1 1
github.com/aronreisx/bubblebank/db/sqlc/account.sql.go:99.2,99.35 1 1
github.com/aronreisx/bubblebank/db/sqlc/account.sql.go:99.35,101.3 1 0
github.com/aronreisx/bubblebank/db/sqlc/account.sql.go:102.2,102.19 1 1
github.com/aronreisx/bubblebank/db/sqlc/account.sql.go:117.96,128.2 4 1
github.com/aronreisx/bubblebank/db/sqlc/db.go:20.28,22.2 1 1
github.com/aronreisx/bubblebank/db/sqlc/db.go:28.46,32.2 1 0
github.com/aronreisx/bubblebank/util/random.go:14.13,16.2 1 1
github.com/aronreisx/bubblebank/util/random.go:19.38,21.2 1 1
github.com/aronreisx/bubblebank/util/random.go:24.33,28.25 3 1
github.com/aronreisx/bubblebank/util/random.go:28.25,31.3 2 1
github.com/aronreisx/bubblebank/util/random.go:33.2,33.20 1 1
github.com/aronreisx/bubblebank/util/random.go:37.27,39.2 1 1
github.com/aronreisx/bubblebank/util/random.go:42.26,44.2 1 1
github.com/aronreisx/bubblebank/util/random.go:47.30,51.2 3 1
github.com/aronreisx/bubblebank/util/random.go:54.27,56.2 1 0
